<?xml version="1.0" encoding="UTF-8"?>
<!-- Generated by org.testng.reporters.JUnitReportReporter -->
<testsuite hostname="MohanChantada" failures="0" tests="1" name="tests.SolutionClass" time="0.007" errors="0" timestamp="2021-08-31T22:12:09 BST" skipped="0">
  <testcase classname="tests.SolutionClass" name="carTaxCheckTest" time="0.007"/>
  <system-out/>
</testsuite> <!-- tests.SolutionClass -->
